Arguments: 
  /usr/local/bin/node /usr/local/bin/yarn add Chromium revision

PATH: 
  /Library/Frameworks/Python.framework/Versions/3.7/bin:/Library/Java/JavaVirtualMachines/jdk1.8.0_171.jdk/Contents/Home/bin:/usr/local/bin:/usr/bin:/bin:/usr/sbin:/sbin:/Users/luwei/Library/Android/sdk/tools:/Users/luwei/Library/Android/sdk/platform-tools:/usr/local/mysql/bin:/Users/luwei/Documents/resources/apache-maven-3.5.3/bin

Yarn version: 
  1.9.4

Node version: 
  8.11.1

Platform: 
  darwin x64

Trace: 
  Error: https://registry.yarnpkg.com/Chromium: Not found
      at Request.params.callback [as _callback] (/usr/local/lib/node_modules/yarn/lib/cli.js:64202:18)
      at Request.self.callback (/usr/local/lib/node_modules/yarn/lib/cli.js:137468:22)
      at emitTwo (events.js:126:13)
      at Request.emit (events.js:214:7)
      at Request.<anonymous> (/usr/local/lib/node_modules/yarn/lib/cli.js:138440:10)
      at emitOne (events.js:116:13)
      at Request.emit (events.js:211:7)
      at IncomingMessage.<anonymous> (/usr/local/lib/node_modules/yarn/lib/cli.js:138362:12)
      at Object.onceWrapper (events.js:313:30)
      at emitNone (events.js:111:20)

npm manifest: 
  {
    "name": "puppeteer-demo",
    "version": "1.0.0",
    "description": "",
    "main": "index.js",
    "scripts": {
      "test": "echo \"Error: no test specified\" && exit 1"
    },
    "author": "",
    "license": "ISC",
    "dependencies": {
      "cheerio": "^1.0.0-rc.3",
      "puppeteer": "^1.15.0"
    }
  }

yarn manifest: 
  No manifest

Lockfile: 
  No lockfile
